/home/hcui25/anaconda3/envs/llava-med/lib/python3.10/site-packages/torch/utils/data/dataloader.py:558: UserWarning: This DataLoader will create 8 worker processes in total. Our suggested max number of worker in current system is 2, which is smaller than what this DataLoader is going to create. Please be aware that excessive worker creation might get DataLoader running slow or even freeze, lower the worker number to avoid potential slowness/freeze if necessary.
  warnings.warn(_create_warning_msg(
/home/hcui25/anaconda3/envs/llava-med/lib/python3.10/site-packages/torchvision/models/_utils.py:208: UserWarning: The parameter 'pretrained' is deprecated since 0.13 and may be removed in the future, please use 'weights' instead.
  warnings.warn(
/home/hcui25/anaconda3/envs/llava-med/lib/python3.10/site-packages/torchvision/models/_utils.py:223: UserWarning: Arguments other than a weight enum or `None` for 'weights' are deprecated since 0.13 and may be removed in the future. The current behavior is equivalent to passing `weights=Inception_V3_Weights.IMAGENET1K_V1`. You can also use `weights=Inception_V3_Weights.DEFAULT` to get the most up-to-date weights.
  warnings.warn(msg)
Traceback (most recent call last):
  File "/local/scratch/hcui25/Project/xin/CS/GAN/BigGAN-PyTorch/train.py", line 229, in <module>
    main()
  File "/local/scratch/hcui25/Project/xin/CS/GAN/BigGAN-PyTorch/train.py", line 226, in main
    run(config)
  File "/local/scratch/hcui25/Project/xin/CS/GAN/BigGAN-PyTorch/train.py", line 186, in run
    metrics = train(x, y)
  File "/local/scratch/hcui25/Project/xin/CS/GAN/BigGAN-PyTorch/train_fns.py", line 45, in train
    D_fake, D_real = GD(z_[:config['batch_size']], y_[:config['batch_size']], 
  File "/home/hcui25/anaconda3/envs/llava-med/lib/python3.10/site-packages/torch/nn/modules/module.py", line 1532, in _wrapped_call_impl
    return self._call_impl(*args, **kwargs)
  File "/home/hcui25/anaconda3/envs/llava-med/lib/python3.10/site-packages/torch/nn/modules/module.py", line 1541, in _call_impl
    return forward_call(*args, **kwargs)
  File "/home/hcui25/anaconda3/envs/llava-med/lib/python3.10/site-packages/torch/nn/parallel/data_parallel.py", line 183, in forward
    return self.module(*inputs[0], **module_kwargs[0])
  File "/home/hcui25/anaconda3/envs/llava-med/lib/python3.10/site-packages/torch/nn/modules/module.py", line 1532, in _wrapped_call_impl
    return self._call_impl(*args, **kwargs)
  File "/home/hcui25/anaconda3/envs/llava-med/lib/python3.10/site-packages/torch/nn/modules/module.py", line 1541, in _call_impl
    return forward_call(*args, **kwargs)
  File "/local/scratch/hcui25/Project/xin/CS/GAN/BigGAN-PyTorch/BigGAN.py", line 445, in forward
    D_input = torch.cat([G_z, x], 0) if x is not None else G_z
RuntimeError: Sizes of tensors must match except in dimension 0. Expected size 32 but got size 28 for tensor number 1 in the list.
