cuda
Files already downloaded and verified
Files already downloaded and verified
len(dataset) 60000
dataset[0][0].size()  torch.Size([3, 64, 64])
12
14
idx 0
Batch 0 has 64 images.
Batch labels shape: torch.Size([64])
Predicted labels shape: torch.Size([64, 21])
Label values: tensor([ 0,  1,  2,  3,  4,  5,  6,  7,  8,  9, 10, 11, 12, 13, 14, 15, 16, 18,
        19], device='cuda:0')
Predicted validity shape: torch.Size([64])
Real validity label shape: torch.Size([64])
pvalidity range: 0.05488703027367592 0.957941472530365
validity_label range: 1.0 1.0
pvalidity device: cuda:0
validity_label device: cuda:0
Labels device and dtype: cuda:0 torch.int64
Plabels device and dtype: cuda:0 torch.float32
[1/10] [0/938] D_x: [0.4063] D_G: [0.4434/0.6409] G_loss: [4.4266] D_loss: [9.4472] D_label: [11.6386] 
idx 1
Batch 1 has 64 images.
Batch labels shape: torch.Size([64])
Predicted labels shape: torch.Size([64, 21])
Label values: tensor([ 0,  1,  2,  3,  4,  5,  6,  7,  8,  9, 10, 11, 12, 13, 14, 15, 16, 17,
        18, 19], device='cuda:0')
Predicted validity shape: torch.Size([64])
Real validity label shape: torch.Size([64])
pvalidity range: 0.07047060132026672 0.9839102029800415
validity_label range: 1.0 1.0
pvalidity device: cuda:0
validity_label device: cuda:0
Labels device and dtype: cuda:0 torch.int64
Plabels device and dtype: cuda:0 torch.float32
[1/10] [1/938] D_x: [0.5575] D_G: [0.6806/0.6084] G_loss: [5.5627] D_loss: [8.0412] D_label: [11.0603] 
idx 2
Batch 2 has 64 images.
Batch labels shape: torch.Size([64])
Predicted labels shape: torch.Size([64, 21])
Label values: tensor([ 0,  1,  2,  3,  4,  5,  6,  7,  8,  9, 10, 11, 12, 13, 14, 15, 16, 18,
        19], device='cuda:0')
Predicted validity shape: torch.Size([64])
Real validity label shape: torch.Size([64])
pvalidity range: 0.0781751275062561 0.9147257804870605
validity_label range: 1.0 1.0
pvalidity device: cuda:0
validity_label device: cuda:0
Labels device and dtype: cuda:0 torch.int64
Plabels device and dtype: cuda:0 torch.float32
[1/10] [2/938] D_x: [0.5697] D_G: [0.6452/0.5453] G_loss: [5.9980] D_loss: [6.8669] D_label: [10.3307] 
idx 3
Batch 3 has 64 images.
Batch labels shape: torch.Size([64])
Predicted labels shape: torch.Size([64, 21])
Label values: tensor([ 0,  1,  2,  3,  4,  6,  7,  8,  9, 10, 11, 12, 13, 14, 15, 16, 17, 18,
        19], device='cuda:0')
Predicted validity shape: torch.Size([64])
Real validity label shape: torch.Size([64])
pvalidity range: 0.0796433538198471 0.9450057148933411
validity_label range: 1.0 1.0
pvalidity device: cuda:0
validity_label device: cuda:0
Labels device and dtype: cuda:0 torch.int64
Plabels device and dtype: cuda:0 torch.float32
[1/10] [3/938] D_x: [0.5400] D_G: [0.5946/0.5247] G_loss: [6.3477] D_loss: [6.6195] D_label: [10.4113] 
idx 4
Batch 4 has 64 images.
