../aten/src/ATen/native/cuda/Loss.cu:95: operator(): block: [0,0,0], thread: [0,0,0] Assertion `target_val >= zero && target_val <= one` failed.
../aten/src/ATen/native/cuda/Loss.cu:95: operator(): block: [0,0,0], thread: [1,0,0] Assertion `target_val >= zero && target_val <= one` failed.
../aten/src/ATen/native/cuda/Loss.cu:95: operator(): block: [0,0,0], thread: [2,0,0] Assertion `target_val >= zero && target_val <= one` failed.
../aten/src/ATen/native/cuda/Loss.cu:95: operator(): block: [0,0,0], thread: [3,0,0] Assertion `target_val >= zero && target_val <= one` failed.
../aten/src/ATen/native/cuda/Loss.cu:95: operator(): block: [0,0,0], thread: [4,0,0] Assertion `target_val >= zero && target_val <= one` failed.
../aten/src/ATen/native/cuda/Loss.cu:95: operator(): block: [0,0,0], thread: [5,0,0] Assertion `target_val >= zero && target_val <= one` failed.
../aten/src/ATen/native/cuda/Loss.cu:95: operator(): block: [0,0,0], thread: [6,0,0] Assertion `target_val >= zero && target_val <= one` failed.
../aten/src/ATen/native/cuda/Loss.cu:95: operator(): block: [0,0,0], thread: [7,0,0] Assertion `target_val >= zero && target_val <= one` failed.
../aten/src/ATen/native/cuda/Loss.cu:95: operator(): block: [0,0,0], thread: [8,0,0] Assertion `target_val >= zero && target_val <= one` failed.
../aten/src/ATen/native/cuda/Loss.cu:95: operator(): block: [0,0,0], thread: [9,0,0] Assertion `target_val >= zero && target_val <= one` failed.
../aten/src/ATen/native/cuda/Loss.cu:95: operator(): block: [0,0,0], thread: [10,0,0] Assertion `target_val >= zero && target_val <= one` failed.
../aten/src/ATen/native/cuda/Loss.cu:95: operator(): block: [0,0,0], thread: [11,0,0] Assertion `target_val >= zero && target_val <= one` failed.
../aten/src/ATen/native/cuda/Loss.cu:95: operator(): block: [0,0,0], thread: [12,0,0] Assertion `target_val >= zero && target_val <= one` failed.
../aten/src/ATen/native/cuda/Loss.cu:95: operator(): block: [0,0,0], thread: [13,0,0] Assertion `target_val >= zero && target_val <= one` failed.
../aten/src/ATen/native/cuda/Loss.cu:95: operator(): block: [0,0,0], thread: [14,0,0] Assertion `target_val >= zero && target_val <= one` failed.
../aten/src/ATen/native/cuda/Loss.cu:95: operator(): block: [0,0,0], thread: [15,0,0] Assertion `target_val >= zero && target_val <= one` failed.
../aten/src/ATen/native/cuda/Loss.cu:95: operator(): block: [0,0,0], thread: [16,0,0] Assertion `target_val >= zero && target_val <= one` failed.
../aten/src/ATen/native/cuda/Loss.cu:95: operator(): block: [0,0,0], thread: [17,0,0] Assertion `target_val >= zero && target_val <= one` failed.
../aten/src/ATen/native/cuda/Loss.cu:95: operator(): block: [0,0,0], thread: [18,0,0] Assertion `target_val >= zero && target_val <= one` failed.
../aten/src/ATen/native/cuda/Loss.cu:95: operator(): block: [0,0,0], thread: [19,0,0] Assertion `target_val >= zero && target_val <= one` failed.
../aten/src/ATen/native/cuda/Loss.cu:95: operator(): block: [0,0,0], thread: [20,0,0] Assertion `target_val >= zero && target_val <= one` failed.
../aten/src/ATen/native/cuda/Loss.cu:95: operator(): block: [0,0,0], thread: [21,0,0] Assertion `target_val >= zero && target_val <= one` failed.
../aten/src/ATen/native/cuda/Loss.cu:95: operator(): block: [0,0,0], thread: [22,0,0] Assertion `target_val >= zero && target_val <= one` failed.
../aten/src/ATen/native/cuda/Loss.cu:95: operator(): block: [0,0,0], thread: [23,0,0] Assertion `target_val >= zero && target_val <= one` failed.
../aten/src/ATen/native/cuda/Loss.cu:95: operator(): block: [0,0,0], thread: [24,0,0] Assertion `target_val >= zero && target_val <= one` failed.
../aten/src/ATen/native/cuda/Loss.cu:95: operator(): block: [0,0,0], thread: [25,0,0] Assertion `target_val >= zero && target_val <= one` failed.
../aten/src/ATen/native/cuda/Loss.cu:95: operator(): block: [0,0,0], thread: [26,0,0] Assertion `target_val >= zero && target_val <= one` failed.
../aten/src/ATen/native/cuda/Loss.cu:95: operator(): block: [0,0,0], thread: [27,0,0] Assertion `target_val >= zero && target_val <= one` failed.
../aten/src/ATen/native/cuda/Loss.cu:95: operator(): block: [0,0,0], thread: [28,0,0] Assertion `target_val >= zero && target_val <= one` failed.
../aten/src/ATen/native/cuda/Loss.cu:95: operator(): block: [0,0,0], thread: [29,0,0] Assertion `target_val >= zero && target_val <= one` failed.
../aten/src/ATen/native/cuda/Loss.cu:95: operator(): block: [0,0,0], thread: [30,0,0] Assertion `target_val >= zero && target_val <= one` failed.
../aten/src/ATen/native/cuda/Loss.cu:95: operator(): block: [0,0,0], thread: [31,0,0] Assertion `target_val >= zero && target_val <= one` failed.
../aten/src/ATen/native/cuda/Loss.cu:95: operator(): block: [0,0,0], thread: [32,0,0] Assertion `target_val >= zero && target_val <= one` failed.
../aten/src/ATen/native/cuda/Loss.cu:95: operator(): block: [0,0,0], thread: [33,0,0] Assertion `target_val >= zero && target_val <= one` failed.
../aten/src/ATen/native/cuda/Loss.cu:95: operator(): block: [0,0,0], thread: [34,0,0] Assertion `target_val >= zero && target_val <= one` failed.
../aten/src/ATen/native/cuda/Loss.cu:95: operator(): block: [0,0,0], thread: [35,0,0] Assertion `target_val >= zero && target_val <= one` failed.
../aten/src/ATen/native/cuda/Loss.cu:95: operator(): block: [0,0,0], thread: [36,0,0] Assertion `target_val >= zero && target_val <= one` failed.
../aten/src/ATen/native/cuda/Loss.cu:95: operator(): block: [0,0,0], thread: [37,0,0] Assertion `target_val >= zero && target_val <= one` failed.
../aten/src/ATen/native/cuda/Loss.cu:95: operator(): block: [0,0,0], thread: [38,0,0] Assertion `target_val >= zero && target_val <= one` failed.
../aten/src/ATen/native/cuda/Loss.cu:95: operator(): block: [0,0,0], thread: [39,0,0] Assertion `target_val >= zero && target_val <= one` failed.
../aten/src/ATen/native/cuda/Loss.cu:95: operator(): block: [0,0,0], thread: [40,0,0] Assertion `target_val >= zero && target_val <= one` failed.
../aten/src/ATen/native/cuda/Loss.cu:95: operator(): block: [0,0,0], thread: [41,0,0] Assertion `target_val >= zero && target_val <= one` failed.
../aten/src/ATen/native/cuda/Loss.cu:95: operator(): block: [0,0,0], thread: [42,0,0] Assertion `target_val >= zero && target_val <= one` failed.
../aten/src/ATen/native/cuda/Loss.cu:95: operator(): block: [0,0,0], thread: [43,0,0] Assertion `target_val >= zero && target_val <= one` failed.
../aten/src/ATen/native/cuda/Loss.cu:95: operator(): block: [0,0,0], thread: [44,0,0] Assertion `target_val >= zero && target_val <= one` failed.
../aten/src/ATen/native/cuda/Loss.cu:95: operator(): block: [0,0,0], thread: [45,0,0] Assertion `target_val >= zero && target_val <= one` failed.
../aten/src/ATen/native/cuda/Loss.cu:95: operator(): block: [0,0,0], thread: [46,0,0] Assertion `target_val >= zero && target_val <= one` failed.
../aten/src/ATen/native/cuda/Loss.cu:95: operator(): block: [0,0,0], thread: [47,0,0] Assertion `target_val >= zero && target_val <= one` failed.
../aten/src/ATen/native/cuda/Loss.cu:95: operator(): block: [0,0,0], thread: [48,0,0] Assertion `target_val >= zero && target_val <= one` failed.
../aten/src/ATen/native/cuda/Loss.cu:95: operator(): block: [0,0,0], thread: [49,0,0] Assertion `target_val >= zero && target_val <= one` failed.
../aten/src/ATen/native/cuda/Loss.cu:95: operator(): block: [0,0,0], thread: [50,0,0] Assertion `target_val >= zero && target_val <= one` failed.
../aten/src/ATen/native/cuda/Loss.cu:95: operator(): block: [0,0,0], thread: [51,0,0] Assertion `target_val >= zero && target_val <= one` failed.
../aten/src/ATen/native/cuda/Loss.cu:95: operator(): block: [0,0,0], thread: [52,0,0] Assertion `target_val >= zero && target_val <= one` failed.
../aten/src/ATen/native/cuda/Loss.cu:95: operator(): block: [0,0,0], thread: [53,0,0] Assertion `target_val >= zero && target_val <= one` failed.
../aten/src/ATen/native/cuda/Loss.cu:95: operator(): block: [0,0,0], thread: [54,0,0] Assertion `target_val >= zero && target_val <= one` failed.
../aten/src/ATen/native/cuda/Loss.cu:95: operator(): block: [0,0,0], thread: [55,0,0] Assertion `target_val >= zero && target_val <= one` failed.
../aten/src/ATen/native/cuda/Loss.cu:95: operator(): block: [0,0,0], thread: [56,0,0] Assertion `target_val >= zero && target_val <= one` failed.
../aten/src/ATen/native/cuda/Loss.cu:95: operator(): block: [0,0,0], thread: [57,0,0] Assertion `target_val >= zero && target_val <= one` failed.
../aten/src/ATen/native/cuda/Loss.cu:95: operator(): block: [0,0,0], thread: [58,0,0] Assertion `target_val >= zero && target_val <= one` failed.
../aten/src/ATen/native/cuda/Loss.cu:95: operator(): block: [0,0,0], thread: [59,0,0] Assertion `target_val >= zero && target_val <= one` failed.
../aten/src/ATen/native/cuda/Loss.cu:95: operator(): block: [0,0,0], thread: [60,0,0] Assertion `target_val >= zero && target_val <= one` failed.
../aten/src/ATen/native/cuda/Loss.cu:95: operator(): block: [0,0,0], thread: [61,0,0] Assertion `target_val >= zero && target_val <= one` failed.
../aten/src/ATen/native/cuda/Loss.cu:95: operator(): block: [0,0,0], thread: [62,0,0] Assertion `target_val >= zero && target_val <= one` failed.
../aten/src/ATen/native/cuda/Loss.cu:95: operator(): block: [0,0,0], thread: [63,0,0] Assertion `target_val >= zero && target_val <= one` failed.
Traceback (most recent call last):
  File "/local/scratch/hcui25/Project/xin/CS/GAN/CGAN_CIFAR/mainACGAN.py", line 244, in <module>
    errD_real_val = validity_loss(pvalidity, validity_label)            
  File "/home/hcui25/anaconda3/envs/llava-med/lib/python3.10/site-packages/torch/nn/modules/module.py", line 1532, in _wrapped_call_impl
    return self._call_impl(*args, **kwargs)
  File "/home/hcui25/anaconda3/envs/llava-med/lib/python3.10/site-packages/torch/nn/modules/module.py", line 1541, in _call_impl
    return forward_call(*args, **kwargs)
  File "/home/hcui25/anaconda3/envs/llava-med/lib/python3.10/site-packages/torch/nn/modules/loss.py", line 618, in forward
    return F.binary_cross_entropy(input, target, weight=self.weight, reduction=self.reduction)
  File "/home/hcui25/anaconda3/envs/llava-med/lib/python3.10/site-packages/torch/nn/functional.py", line 3154, in binary_cross_entropy
    return torch._C._nn.binary_cross_entropy(input, target, weight, reduction_enum)
RuntimeError: CUDA error: device-side assert triggered
Compile with `TORCH_USE_CUDA_DSA` to enable device-side assertions.

